<?xml version="1.0" encoding="UTF-8"?>
<!-- Generated by org.testng.reporters.JUnitReportReporter -->
<testsuite skipped="0" hostname="LAPTOP-AP49OGSV" name="restValidations.ValidatingResponseBody" tests="2" failures="0" timestamp="14 Jul 2019 07:45:49 GMT" time="8.615" errors="0">
  <testcase name="PrintResponseBody" time="0.870" classname="restValidations.ValidatingResponseBody"/>
  <testcase name="PrintNodesUsingJson" time="7.745" classname="restValidations.ValidatingResponseBody"/>
</testsuite> <!-- restValidations.ValidatingResponseBody -->
