<?xml version="1.0" encoding="UTF-8"?>
<!-- Generated by org.testng.reporters.JUnitReportReporter -->
<testsuite skipped="0" hostname="LAPTOP-AP49OGSV" name="ValidatingResponse" tests="3" failures="0" timestamp="13 Jul 2019 01:36:51 GMT" time="2.644" errors="0">
  <testcase name="ValidSuccessStatusCode" time="0.534" classname="ValidatingResponse"/>
  <testcase name="InValidSuccessStatusCode" time="1.205" classname="ValidatingResponse"/>
  <testcase name="ValidatSuccessStatusLine" time="0.905" classname="ValidatingResponse"/>
</testsuite> <!-- ValidatingResponse -->
