<?xml version="1.0" encoding="UTF-8"?>
<!-- Generated by org.testng.reporters.JUnitReportReporter -->
<testsuite skipped="0" hostname="LAPTOP-AP49OGSV" name="restValidations.ValidatingResponseHeaders" tests="2" failures="0" timestamp="14 Jul 2019 07:23:30 GMT" time="3.518" errors="0">
  <testcase name="PrintAllHeaders" time="2.098" classname="restValidations.ValidatingResponseHeaders"/>
  <testcase name="ValidateResponseHeaders" time="1.420" classname="restValidations.ValidatingResponseHeaders"/>
</testsuite> <!-- restValidations.ValidatingResponseHeaders -->
