<?xml version="1.0" encoding="UTF-8"?>
<!-- Generated by org.testng.reporters.JUnitReportReporter -->
<testsuite skipped="0" hostname="LAPTOP-AP49OGSV" name="authenticationEx.AuthenticationFail" tests="1" failures="0" timestamp="20 Jul 2019 01:04:47 GMT" time="1.540" errors="0">
  <testcase name="AuthenticationBasics" time="1.540" classname="authenticationEx.AuthenticationFail"/>
</testsuite> <!-- authenticationEx.AuthenticationFail -->
