<?xml version="1.0" encoding="UTF-8"?>
<!-- Generated by org.testng.reporters.JUnitReportReporter -->
<testsuite skipped="0" hostname="LAPTOP-AP49OGSV" name="restValidations.WeatherAPI" tests="1" failures="0" timestamp="14 Jul 2019 07:08:11 GMT" time="7.793" errors="0">
  <testcase name="GetWeatherDetails" time="7.793" classname="restValidations.WeatherAPI"/>
</testsuite> <!-- restValidations.WeatherAPI -->
