<?xml version="1.0" encoding="UTF-8"?>
<!-- Generated by org.testng.reporters.JUnitReportReporter -->
<testsuite skipped="0" hostname="LAPTOP-AP49OGSV" name="restGetValidations.WeatherAPI" tests="1" failures="0" timestamp="03 Sep 2019 04:41:21 GMT" time="1.515" errors="0">
  <testcase name="GetWeatherDetails" time="1.515" classname="restGetValidations.WeatherAPI"/>
</testsuite> <!-- restGetValidations.WeatherAPI -->
