<?xml version="1.0" encoding="UTF-8"?>
<!-- Generated by org.testng.reporters.JUnitReportReporter -->
<testsuite skipped="0" hostname="LAPTOP-AP49OGSV" name="restPostValidations.ValidatePostReqAsObjForSuc_Fail" tests="1" failures="0" timestamp="20 Jul 2019 00:14:10 GMT" time="1.873" errors="0">
  <testcase name="ValidatePostRequest" time="1.873" classname="restPostValidations.ValidatePostReqAsObjForSuc_Fail"/>
</testsuite> <!-- restPostValidations.ValidatePostReqAsObjForSuc_Fail -->
