<?xml version="1.0" encoding="UTF-8"?>
<!-- Generated by org.testng.reporters.JUnitReportReporter -->
<testsuite skipped="0" hostname="LAPTOP-AP49OGSV" name="restPostValidations.ValidatePostRequestJSONAsClassObj" tests="1" failures="0" timestamp="20 Jul 2019 00:04:36 GMT" time="2.627" errors="0">
  <testcase name="ValidatePostRequest" time="2.627" classname="restPostValidations.ValidatePostRequestJSONAsClassObj"/>
</testsuite> <!-- restPostValidations.ValidatePostRequestJSONAsClassObj -->
