<?xml version="1.0" encoding="UTF-8"?>
<!-- Generated by org.testng.reporters.JUnitReportReporter -->
<testsuite skipped="0" hostname="LAPTOP-AP49OGSV" name="WeatherAPI" tests="1" failures="0" timestamp="13 Jul 2019 01:35:38 GMT" time="2.548" errors="0">
  <testcase name="GetWeatherDetails" time="2.548" classname="WeatherAPI"/>
</testsuite> <!-- WeatherAPI -->
