<?xml version="1.0" encoding="UTF-8"?>
<!-- Generated by org.testng.reporters.JUnitReportReporter -->
<testsuite skipped="0" hostname="LAPTOP-AP49OGSV" name="TestNGExample" tests="2" failures="0" timestamp="13 Jul 2019 01:35:22 GMT" time="0.008" errors="0">
  <testcase name="testCase1" time="0.007" classname="TestNGExample"/>
  <testcase name="testCase2" time="0.001" classname="TestNGExample"/>
</testsuite> <!-- TestNGExample -->
